[ 50%] Built target coordinate_transform_node
[ 75%] [32mBuilding CXX object CMakeFiles/coordinate_transform_components.dir/src/coordinate_transform_component.cpp.o[0m
[01m[K/home/henry/training_ws/src/software-training/coordinate_transform/src/coordinate_transform_component.cpp:[m[K In member function â€˜[01m[KEigen::Matrix4d coordinate_transform::CoordinateTransformComponent::getTransformationMatrixForOpticalFrame()[m[Kâ€™:
[01m[K/home/henry/training_ws/src/software-training/coordinate_transform/src/coordinate_transform_component.cpp:105:23:[m[K [01;31m[Kerror: [m[Kwrong number of template arguments (1, should be 2)
  105 |      std::array<double[01;31m[K>[m[K R_roll_data = {1, 0, 0, 0,
      |                       [01;31m[K^[m[K
In file included from [01m[K/usr/include/c++/9/tuple:39[m[K,
                 from [01m[K/usr/include/c++/9/bits/unique_ptr.h:37[m[K,
                 from [01m[K/usr/include/c++/9/memory:80[m[K,
                 from [01m[K/opt/ros/foxy/include/rclcpp/rclcpp.hpp:144[m[K,
                 from [01m[K/home/henry/training_ws/src/software-training/coordinate_transform/src/coordinate_transform_component.cpp:21[m[K:
[01m[K/usr/include/c++/9/array:94:12:[m[K [01;36m[Knote: [m[Kprovided for â€˜[01m[Ktemplate<class _Tp, long unsigned int _Nm> struct std::array[m[Kâ€™
   94 |     struct [01;36m[Karray[m[K
      |            [01;36m[K^~~~~[m[K
[01m[K/home/henry/training_ws/src/software-training/coordinate_transform/src/coordinate_transform_component.cpp:105:25:[m[K [01;31m[Kerror: [m[Kexpected â€˜[01m[K}[m[Kâ€™ before â€˜[01m[KR_roll_data[m[Kâ€™
  105 |      std::array<double> [01;31m[KR_roll_data[m[K = {1, 0, 0, 0,
      |                         [01;31m[K^~~~~~~~~~~[m[K
[01m[K/home/henry/training_ws/src/software-training/coordinate_transform/src/coordinate_transform_component.cpp:104:12:[m[K [01;36m[Knote: [m[Kto match this â€˜[01m[K{[m[Kâ€™
  104 |     return [01;36m[K{[m[K
      |            [01;36m[K^[m[K
[01m[K/home/henry/training_ws/src/software-training/coordinate_transform/src/coordinate_transform_component.cpp:105:25:[m[K [01;31m[Kerror: [m[Kcould not convert â€˜[01m[K{<expression error>}[m[Kâ€™ from â€˜[01m[K<brace-enclosed initializer list>[m[Kâ€™ to â€˜[01m[KEigen::Matrix4d[m[Kâ€™ {aka â€˜[01m[KEigen::Matrix<double, 4, 4>[m[Kâ€™}
  105 |      std::array<double> [01;31m[KR_roll_data[m[K = {1, 0, 0, 0,
      |                         [01;31m[K^~~~~~~~~~~[m[K
      |                         [01;31m[K|[m[K
      |                         [01;31m[K<brace-enclosed initializer list>[m[K
[01m[K/home/henry/training_ws/src/software-training/coordinate_transform/src/coordinate_transform_component.cpp:105:24:[m[K [01;31m[Kerror: [m[Kexpected â€˜[01m[K;[m[Kâ€™ before â€˜[01m[KR_roll_data[m[Kâ€™
  105 |      std::array<double>[01;31m[K [m[K[32m[KR_roll_data[m[K = {1, 0, 0, 0,
      |                        [01;31m[K^[m[K[32m[K~~~~~~~~~~~[m[K
      |                        [32m[K;[m[K
[01m[K/home/henry/training_ws/src/software-training/coordinate_transform/src/coordinate_transform_component.cpp:105:25:[m[K [01;31m[Kerror: [m[Kâ€˜[01m[KR_roll_data[m[Kâ€™ was not declared in this scope
  105 |      std::array<double> [01;31m[KR_roll_data[m[K = {1, 0, 0, 0,
      |                         [01;31m[K^~~~~~~~~~~[m[K
make[2]: *** [CMakeFiles/coordinate_transform_components.dir/build.make:63: CMakeFiles/coordinate_transform_components.dir/src/coordinate_transform_component.cpp.o] Interrupt
make[1]: *** [CMakeFiles/Makefile2:134: CMakeFiles/coordinate_transform_components.dir/all] Interrupt
make: *** [Makefile:141: all] Interrupt
