-- The C compiler identification is GNU 9.3.0
-- The CXX compiler identification is GNU 9.3.0
-- Check for working C compiler: /usr/bin/cc
-- Check for working C compiler: /usr/bin/cc -- works
-- Detecting C compiler ABI info
-- Detecting C compiler ABI info - done
-- Detecting C compile features
-- Detecting C compile features - done
-- Check for working CXX compiler: /usr/bin/c++
-- Check for working CXX compiler: /usr/bin/c++ -- works
-- Detecting CXX compiler ABI info
-- Detecting CXX compiler ABI info - done
-- Detecting CXX compile features
-- Detecting CXX compile features - done
-- Found ament_cmake: 0.9.9 (/opt/ros/foxy/share/ament_cmake/cmake)
-- Found PythonInterp: /usr/bin/python3 (found suitable version "3.8.10", minimum required is "3") 
-- Using PYTHON_EXECUTABLE: /usr/bin/python3
-- Found rclcpp: 2.4.0 (/opt/ros/foxy/share/rclcpp/cmake)
-- Using all available rosidl_typesupport_c: rosidl_typesupport_fastrtps_c;rosidl_typesupport_introspection_c
-- Found rosidl_adapter: 1.2.1 (/opt/ros/foxy/share/rosidl_adapter/cmake)
-- Found OpenSSL: /usr/lib/x86_64-linux-gnu/libcrypto.so (found version "1.1.1f")  
-- Found FastRTPS: /opt/ros/foxy/include  
-- Using all available rosidl_typesupport_cpp: rosidl_typesupport_fastrtps_cpp;rosidl_typesupport_introspection_cpp
-- Found rmw_implementation_cmake: 1.0.3 (/opt/ros/foxy/share/rmw_implementation_cmake/cmake)
-- Using RMW implementation 'rmw_fastrtps_cpp' as default
-- Looking for pthread.h
-- Looking for pthread.h - found
-- Performing Test CMAKE_HAVE_LIBC_PTHREAD
-- Performing Test CMAKE_HAVE_LIBC_PTHREAD - Failed
-- Looking for pthread_create in pthreads
-- Looking for pthread_create in pthreads - not found
-- Looking for pthread_create in pthread
-- Looking for pthread_create in pthread - found
-- Found Threads: TRUE  
-- Found rclcpp_components: 2.4.0 (/opt/ros/foxy/share/rclcpp_components/cmake)
-- Found image_transport: 2.3.0 (/opt/ros/foxy/share/image_transport/cmake)
-- Found cv_bridge: 2.2.1 (/opt/ros/foxy/share/cv_bridge/cmake)
-- Found nav_msgs: 2.0.4 (/opt/ros/foxy/share/nav_msgs/cmake)
-- Found tf2_ros: 0.13.12 (/opt/ros/foxy/share/tf2_ros/cmake)
-- Found tf2_eigen: 0.13.12 (/opt/ros/foxy/share/tf2_eigen/cmake)
-- Found stsl_interfaces: 0.0.4 (/opt/ros/foxy/share/stsl_interfaces/cmake)
-- Found ament_lint_auto: 0.9.6 (/opt/ros/foxy/share/ament_lint_auto/cmake)
-- Added test 'copyright' to check source files copyright and LICENSE
-- Added test 'cppcheck' to perform static code analysis on C / C++ code
-- Configured cppcheck include dirs: 
-- Configured cppcheck exclude dirs and/or files: 
-- Added test 'cpplint' to check C / C++ code against the Google style
-- Configured cpplint exclude dirs and/or files: 
-- Added test 'lint_cmake' to check CMake code style
-- Added test 'uncrustify' to check C / C++ code style
-- Configured uncrustify additional arguments: 
-- Added test 'xmllint' to check XML markup files
-- Configuring done
-- Generating done
-- Build files have been written to: /home/henry/training_ws/src/software-training/coordinate_transform/build/coordinate_transform
[35m[1mScanning dependencies of target coordinate_transform_components[0m
[35m[1mScanning dependencies of target coordinate_transform_node[0m
[ 25%] [32mBuilding CXX object CMakeFiles/coordinate_transform_node.dir/rclcpp_components/node_main_coordinate_transform_node.cpp.o[0m
[ 50%] [32mBuilding CXX object CMakeFiles/coordinate_transform_components.dir/src/coordinate_transform_component.cpp.o[0m
[ 75%] [32m[1mLinking CXX executable coordinate_transform_node[0m
[ 75%] Built target coordinate_transform_node
[01m[K/home/henry/training_ws/src/software-training/coordinate_transform/src/coordinate_transform_component.cpp:[m[K In member function â€˜[01m[KEigen::Matrix4d coordinate_transform::CoordinateTransformComponent::getTransformationMatrixForOpticalFrame()[m[Kâ€™:
[01m[K/home/henry/training_ws/src/software-training/coordinate_transform/src/coordinate_transform_component.cpp:105:23:[m[K [01;31m[Kerror: [m[Kwrong number of template arguments (1, should be 2)
  105 |      std::array<double[01;31m[K>[m[K R_roll_data = {1, 0, 0, 0,
      |                       [01;31m[K^[m[K
In file included from [01m[K/usr/include/c++/9/tuple:39[m[K,
                 from [01m[K/usr/include/c++/9/bits/unique_ptr.h:37[m[K,
                 from [01m[K/usr/include/c++/9/memory:80[m[K,
                 from [01m[K/opt/ros/foxy/include/rclcpp/rclcpp.hpp:144[m[K,
                 from [01m[K/home/henry/training_ws/src/software-training/coordinate_transform/src/coordinate_transform_component.cpp:21[m[K:
[01m[K/usr/include/c++/9/array:94:12:[m[K [01;36m[Knote: [m[Kprovided for â€˜[01m[Ktemplate<class _Tp, long unsigned int _Nm> struct std::array[m[Kâ€™
   94 |     struct [01;36m[Karray[m[K
      |            [01;36m[K^~~~~[m[K
[01m[K/home/henry/training_ws/src/software-training/coordinate_transform/src/coordinate_transform_component.cpp:105:25:[m[K [01;31m[Kerror: [m[Kexpected â€˜[01m[K}[m[Kâ€™ before â€˜[01m[KR_roll_data[m[Kâ€™
  105 |      std::array<double> [01;31m[KR_roll_data[m[K = {1, 0, 0, 0,
      |                         [01;31m[K^~~~~~~~~~~[m[K
[01m[K/home/henry/training_ws/src/software-training/coordinate_transform/src/coordinate_transform_component.cpp:104:12:[m[K [01;36m[Knote: [m[Kto match this â€˜[01m[K{[m[Kâ€™
  104 |     return [01;36m[K{[m[K
      |            [01;36m[K^[m[K
[01m[K/home/henry/training_ws/src/software-training/coordinate_transform/src/coordinate_transform_component.cpp:105:25:[m[K [01;31m[Kerror: [m[Kcould not convert â€˜[01m[K{<expression error>}[m[Kâ€™ from â€˜[01m[K<brace-enclosed initializer list>[m[Kâ€™ to â€˜[01m[KEigen::Matrix4d[m[Kâ€™ {aka â€˜[01m[KEigen::Matrix<double, 4, 4>[m[Kâ€™}
  105 |      std::array<double> [01;31m[KR_roll_data[m[K = {1, 0, 0, 0,
      |                         [01;31m[K^~~~~~~~~~~[m[K
      |                         [01;31m[K|[m[K
      |                         [01;31m[K<brace-enclosed initializer list>[m[K
[01m[K/home/henry/training_ws/src/software-training/coordinate_transform/src/coordinate_transform_component.cpp:105:24:[m[K [01;31m[Kerror: [m[Kexpected â€˜[01m[K;[m[Kâ€™ before â€˜[01m[KR_roll_data[m[Kâ€™
  105 |      std::array<double>[01;31m[K [m[K[32m[KR_roll_data[m[K = {1, 0, 0, 0,
      |                        [01;31m[K^[m[K[32m[K~~~~~~~~~~~[m[K
      |                        [32m[K;[m[K
[01m[K/home/henry/training_ws/src/software-training/coordinate_transform/src/coordinate_transform_component.cpp:105:25:[m[K [01;31m[Kerror: [m[Kâ€˜[01m[KR_roll_data[m[Kâ€™ was not declared in this scope
  105 |      std::array<double> [01;31m[KR_roll_data[m[K = {1, 0, 0, 0,
      |                         [01;31m[K^~~~~~~~~~~[m[K
make[2]: *** [CMakeFiles/coordinate_transform_components.dir/build.make:63: CMakeFiles/coordinate_transform_components.dir/src/coordinate_transform_component.cpp.o] Error 1
make[1]: *** [CMakeFiles/Makefile2:134: CMakeFiles/coordinate_transform_components.dir/all] Error 2
make: *** [Makefile:141: all] Error 2
