[0.012s] Invoking command in '/home/henry/training_ws/src/software-training/coordinate_transform/build/coordinate_transform': CMAKE_PREFIX_PATH=${CMAKE_PREFIX_PATH}:/opt/ros/foxy /usr/bin/cmake /home/henry/training_ws/src/software-training/coordinate_transform -DCMAKE_INSTALL_PREFIX=/home/henry/training_ws/src/software-training/coordinate_transform/install/coordinate_transform
[0.120s] -- The C compiler identification is GNU 9.3.0
[0.169s] -- The CXX compiler identification is GNU 9.3.0
[0.176s] -- Check for working C compiler: /usr/bin/cc
[0.239s] -- Check for working C compiler: /usr/bin/cc -- works
[0.240s] -- Detecting C compiler ABI info
[0.305s] -- Detecting C compiler ABI info - done
[0.318s] -- Detecting C compile features
[0.319s] -- Detecting C compile features - done
[0.322s] -- Check for working CXX compiler: /usr/bin/c++
[0.389s] -- Check for working CXX compiler: /usr/bin/c++ -- works
[0.390s] -- Detecting CXX compiler ABI info
[0.457s] -- Detecting CXX compiler ABI info - done
[0.468s] -- Detecting CXX compile features
[0.469s] -- Detecting CXX compile features - done
[0.471s] -- Found ament_cmake: 0.9.9 (/opt/ros/foxy/share/ament_cmake/cmake)
[0.494s] -- Found PythonInterp: /usr/bin/python3 (found suitable version "3.8.10", minimum required is "3") 
[0.495s] -- Using PYTHON_EXECUTABLE: /usr/bin/python3
[0.677s] -- Found rclcpp: 2.4.0 (/opt/ros/foxy/share/rclcpp/cmake)
[0.729s] -- Using all available rosidl_typesupport_c: rosidl_typesupport_fastrtps_c;rosidl_typesupport_introspection_c
[0.737s] -- Found rosidl_adapter: 1.2.1 (/opt/ros/foxy/share/rosidl_adapter/cmake)
[0.807s] -- Found OpenSSL: /usr/lib/x86_64-linux-gnu/libcrypto.so (found version "1.1.1f")  
[0.832s] -- Found FastRTPS: /opt/ros/foxy/include  
[0.908s] -- Using all available rosidl_typesupport_cpp: rosidl_typesupport_fastrtps_cpp;rosidl_typesupport_introspection_cpp
[0.970s] -- Found rmw_implementation_cmake: 1.0.3 (/opt/ros/foxy/share/rmw_implementation_cmake/cmake)
[0.972s] -- Using RMW implementation 'rmw_fastrtps_cpp' as default
[0.974s] -- Looking for pthread.h
[1.037s] -- Looking for pthread.h - found
[1.037s] -- Performing Test CMAKE_HAVE_LIBC_PTHREAD
[1.140s] -- Performing Test CMAKE_HAVE_LIBC_PTHREAD - Failed
[1.140s] -- Looking for pthread_create in pthreads
[1.244s] -- Looking for pthread_create in pthreads - not found
[1.244s] -- Looking for pthread_create in pthread
[1.332s] -- Looking for pthread_create in pthread - found
[1.333s] -- Found Threads: TRUE  
[1.493s] -- Found rclcpp_components: 2.4.0 (/opt/ros/foxy/share/rclcpp_components/cmake)
[1.555s] -- Found image_transport: 2.3.0 (/opt/ros/foxy/share/image_transport/cmake)
[1.710s] -- Found cv_bridge: 2.2.1 (/opt/ros/foxy/share/cv_bridge/cmake)
[1.729s] -- Found nav_msgs: 2.0.4 (/opt/ros/foxy/share/nav_msgs/cmake)
[1.800s] -- Found tf2_ros: 0.13.12 (/opt/ros/foxy/share/tf2_ros/cmake)
[2.075s] -- Found tf2_eigen: 0.13.12 (/opt/ros/foxy/share/tf2_eigen/cmake)
[2.084s] -- Found stsl_interfaces: 0.0.4 (/opt/ros/foxy/share/stsl_interfaces/cmake)
[2.216s] -- Found ament_lint_auto: 0.9.6 (/opt/ros/foxy/share/ament_lint_auto/cmake)
[2.286s] -- Added test 'copyright' to check source files copyright and LICENSE
[2.289s] -- Added test 'cppcheck' to perform static code analysis on C / C++ code
[2.289s] -- Configured cppcheck include dirs: 
[2.289s] -- Configured cppcheck exclude dirs and/or files: 
[2.292s] -- Added test 'cpplint' to check C / C++ code against the Google style
[2.292s] -- Configured cpplint exclude dirs and/or files: 
[2.294s] -- Added test 'lint_cmake' to check CMake code style
[2.297s] -- Added test 'uncrustify' to check C / C++ code style
[2.297s] -- Configured uncrustify additional arguments: 
[2.298s] -- Added test 'xmllint' to check XML markup files
[2.301s] -- Configuring done
[2.316s] -- Generating done
[2.318s] -- Build files have been written to: /home/henry/training_ws/src/software-training/coordinate_transform/build/coordinate_transform
[2.325s] Invoked command in '/home/henry/training_ws/src/software-training/coordinate_transform/build/coordinate_transform' returned '0': CMAKE_PREFIX_PATH=${CMAKE_PREFIX_PATH}:/opt/ros/foxy /usr/bin/cmake /home/henry/training_ws/src/software-training/coordinate_transform -DCMAKE_INSTALL_PREFIX=/home/henry/training_ws/src/software-training/coordinate_transform/install/coordinate_transform
[2.327s] Invoking command in '/home/henry/training_ws/src/software-training/coordinate_transform/build/coordinate_transform': CMAKE_PREFIX_PATH=${CMAKE_PREFIX_PATH}:/opt/ros/foxy /usr/bin/cmake --build /home/henry/training_ws/src/software-training/coordinate_transform/build/coordinate_transform -- -j12 -l12
[2.363s] [35m[1mScanning dependencies of target coordinate_transform_components[0m
[2.363s] [35m[1mScanning dependencies of target coordinate_transform_node[0m
[2.392s] [ 25%] [32mBuilding CXX object CMakeFiles/coordinate_transform_node.dir/rclcpp_components/node_main_coordinate_transform_node.cpp.o[0m
[2.418s] [ 50%] [32mBuilding CXX object CMakeFiles/coordinate_transform_components.dir/src/coordinate_transform_component.cpp.o[0m
[4.224s] [ 75%] [32m[1mLinking CXX executable coordinate_transform_node[0m
[4.331s] [ 75%] Built target coordinate_transform_node
[4.341s] [01m[K/home/henry/training_ws/src/software-training/coordinate_transform/src/coordinate_transform_component.cpp:[m[K In member function â€˜[01m[KEigen::Matrix4d coordinate_transform::CoordinateTransformComponent::getTransformationMatrixForOpticalFrame()[m[Kâ€™:
[4.341s] [01m[K/home/henry/training_ws/src/software-training/coordinate_transform/src/coordinate_transform_component.cpp:105:23:[m[K [01;31m[Kerror: [m[Kwrong number of template arguments (1, should be 2)
[4.341s]   105 |      std::array<double[01;31m[K>[m[K R_roll_data = {1, 0, 0, 0,
[4.341s]       |                       [01;31m[K^[m[K
[4.341s] In file included from [01m[K/usr/include/c++/9/tuple:39[m[K,
[4.341s]                  from [01m[K/usr/include/c++/9/bits/unique_ptr.h:37[m[K,
[4.341s]                  from [01m[K/usr/include/c++/9/memory:80[m[K,
[4.341s]                  from [01m[K/opt/ros/foxy/include/rclcpp/rclcpp.hpp:144[m[K,
[4.341s]                  from [01m[K/home/henry/training_ws/src/software-training/coordinate_transform/src/coordinate_transform_component.cpp:21[m[K:
[4.342s] [01m[K/usr/include/c++/9/array:94:12:[m[K [01;36m[Knote: [m[Kprovided for â€˜[01m[Ktemplate<class _Tp, long unsigned int _Nm> struct std::array[m[Kâ€™
[4.342s]    94 |     struct [01;36m[Karray[m[K
[4.342s]       |            [01;36m[K^~~~~[m[K
[4.342s] [01m[K/home/henry/training_ws/src/software-training/coordinate_transform/src/coordinate_transform_component.cpp:105:25:[m[K [01;31m[Kerror: [m[Kexpected â€˜[01m[K}[m[Kâ€™ before â€˜[01m[KR_roll_data[m[Kâ€™
[4.342s]   105 |      std::array<double> [01;31m[KR_roll_data[m[K = {1, 0, 0, 0,
[4.342s]       |                         [01;31m[K^~~~~~~~~~~[m[K
[4.342s] [01m[K/home/henry/training_ws/src/software-training/coordinate_transform/src/coordinate_transform_component.cpp:104:12:[m[K [01;36m[Knote: [m[Kto match this â€˜[01m[K{[m[Kâ€™
[4.342s]   104 |     return [01;36m[K{[m[K
[4.342s]       |            [01;36m[K^[m[K
[4.342s] [01m[K/home/henry/training_ws/src/software-training/coordinate_transform/src/coordinate_transform_component.cpp:105:25:[m[K [01;31m[Kerror: [m[Kcould not convert â€˜[01m[K{<expression error>}[m[Kâ€™ from â€˜[01m[K<brace-enclosed initializer list>[m[Kâ€™ to â€˜[01m[KEigen::Matrix4d[m[Kâ€™ {aka â€˜[01m[KEigen::Matrix<double, 4, 4>[m[Kâ€™}
[4.342s]   105 |      std::array<double> [01;31m[KR_roll_data[m[K = {1, 0, 0, 0,
[4.342s]       |                         [01;31m[K^~~~~~~~~~~[m[K
[4.342s]       |                         [01;31m[K|[m[K
[4.342s]       |                         [01;31m[K<brace-enclosed initializer list>[m[K
[4.342s] [01m[K/home/henry/training_ws/src/software-training/coordinate_transform/src/coordinate_transform_component.cpp:105:24:[m[K [01;31m[Kerror: [m[Kexpected â€˜[01m[K;[m[Kâ€™ before â€˜[01m[KR_roll_data[m[Kâ€™
[4.342s]   105 |      std::array<double>[01;31m[K [m[K[32m[KR_roll_data[m[K = {1, 0, 0, 0,
[4.342s]       |                        [01;31m[K^[m[K[32m[K~~~~~~~~~~~[m[K
[4.343s]       |                        [32m[K;[m[K
[4.344s] [01m[K/home/henry/training_ws/src/software-training/coordinate_transform/src/coordinate_transform_component.cpp:105:25:[m[K [01;31m[Kerror: [m[Kâ€˜[01m[KR_roll_data[m[Kâ€™ was not declared in this scope
[4.344s]   105 |      std::array<double> [01;31m[KR_roll_data[m[K = {1, 0, 0, 0,
[4.344s]       |                         [01;31m[K^~~~~~~~~~~[m[K
[6.815s] make[2]: *** [CMakeFiles/coordinate_transform_components.dir/build.make:63: CMakeFiles/coordinate_transform_components.dir/src/coordinate_transform_component.cpp.o] Error 1
[6.816s] make[1]: *** [CMakeFiles/Makefile2:134: CMakeFiles/coordinate_transform_components.dir/all] Error 2
[6.816s] make: *** [Makefile:141: all] Error 2
[6.817s] Invoked command in '/home/henry/training_ws/src/software-training/coordinate_transform/build/coordinate_transform' returned '2': CMAKE_PREFIX_PATH=${CMAKE_PREFIX_PATH}:/opt/ros/foxy /usr/bin/cmake --build /home/henry/training_ws/src/software-training/coordinate_transform/build/coordinate_transform -- -j12 -l12
