[35m[1mScanning dependencies of target coordinate_transform_components[0m
[ 50%] Built target coordinate_transform_node
[ 75%] [32mBuilding CXX object CMakeFiles/coordinate_transform_components.dir/src/coordinate_transform_component.cpp.o[0m
[01m[K/home/henry/training_ws/src/software-training/coordinate_transform/src/coordinate_transform_component.cpp:[m[K In member function â€˜[01m[Kvoid coordinate_transform::CoordinateTransformComponent::DetectionCallback(stsl_interfaces::msg::TagArray_<std::allocator<void> >::SharedPtr)[m[Kâ€™:
[01m[K/home/henry/training_ws/src/software-training/coordinate_transform/src/coordinate_transform_component.cpp:93:8:[m[K [01;31m[Kerror: [m[Kexpected â€˜[01m[K)[m[Kâ€™ before â€˜[01m[K}[m[Kâ€™ token
   93 |       1
      |        [01;31m[K^[m[K
      |        [32m[K)[m[K
   94 |      [32m[K}[m[K;
      |      [32m[K~[m[K  
[01m[K/home/henry/training_ws/src/software-training/coordinate_transform/src/coordinate_transform_component.cpp:89:30:[m[K [01;36m[Knote: [m[Kto match this â€˜[01m[K([m[Kâ€™
   89 |      Eigen::Vector4d position[01;36m[K([m[K
      |                              [01;36m[K^[m[K
[01m[K/home/henry/training_ws/src/software-training/coordinate_transform/src/coordinate_transform_component.cpp:94:6:[m[K [01;31m[Kerror: [m[Kexpected â€˜[01m[K,[m[Kâ€™ or â€˜[01m[K;[m[Kâ€™ before â€˜[01m[K}[m[Kâ€™ token
   94 |      [01;31m[K}[m[K;
      |      [01;31m[K^[m[K
[01m[K/home/henry/training_ws/src/software-training/coordinate_transform/src/coordinate_transform_component.cpp:96:6:[m[K [01;31m[Kerror: [m[Kâ€˜[01m[Kposition[m[Kâ€™ was not declared in this scope
   96 |      [01;31m[Kposition[m[K = camera_to_base_transform *
      |      [01;31m[K^~~~~~~~[m[K
[01m[K/home/henry/training_ws/src/software-training/coordinate_transform/src/coordinate_transform_component.cpp:99:6:[m[K [01;31m[Kerror: [m[Kâ€˜[01m[Knew_tag[m[Kâ€™ was not declared in this scope; did you mean â€˜[01m[Knew_tags[m[Kâ€™?
   99 |      [01;31m[Knew_tag[m[K.pose.position.x = position.x();
      |      [01;31m[K^~~~~~~[m[K
      |      [32m[Knew_tags[m[K
[01m[K/home/henry/training_ws/src/software-training/coordinate_transform/src/coordinate_transform_component.cpp:105:27:[m[K [01;31m[Kerror: [m[Kâ€˜[01m[Ki[m[Kâ€™ was not declared in this scope
  105 |       tag_array_msg->tags[[01;31m[Ki[m[K].pose.orientation);
      |                           [01;31m[K^[m[K
make[2]: *** [CMakeFiles/coordinate_transform_components.dir/build.make:63: CMakeFiles/coordinate_transform_components.dir/src/coordinate_transform_component.cpp.o] Error 1
make[1]: *** [CMakeFiles/Makefile2:134: CMakeFiles/coordinate_transform_components.dir/all] Error 2
make: *** [Makefile:141: all] Error 2
