[0.013s] Invoking command in '/home/henry/training_ws/src/software-training/coordinate_transform/build/coordinate_transform': CMAKE_PREFIX_PATH=${CMAKE_PREFIX_PATH}:/opt/ros/foxy /usr/bin/cmake --build /home/henry/training_ws/src/software-training/coordinate_transform/build/coordinate_transform -- -j12 -l12
[0.052s] [35m[1mScanning dependencies of target coordinate_transform_components[0m
[0.067s] [ 50%] Built target coordinate_transform_node
[0.081s] [ 75%] [32mBuilding CXX object CMakeFiles/coordinate_transform_components.dir/src/coordinate_transform_component.cpp.o[0m
[1.929s] [01m[K/home/henry/training_ws/src/software-training/coordinate_transform/src/coordinate_transform_component.cpp:123:5:[m[K [01;31m[Kerror: [m[Kâ€˜[01m[Knew_tag_array_msg[m[Kâ€™ does not name a type
[1.929s]   123 |     [01;31m[Knew_tag_array_msg[m[K.header.stamp = tag_array_msg->header.stamp;
[1.929s]       |     [01;31m[K^~~~~~~~~~~~~~~~~[m[K
[1.933s] [01m[K/home/henry/training_ws/src/software-training/coordinate_transform/src/coordinate_transform_component.cpp:125:5:[m[K [01;31m[Kerror: [m[Kâ€˜[01m[Knew_tag_array_msg[m[Kâ€™ does not name a type
[1.933s]   125 |     [01;31m[Knew_tag_array_msg[m[K.header.frame_id = "base_footprint";
[1.933s]       |     [01;31m[K^~~~~~~~~~~~~~~~~[m[K
[1.937s] [01m[K/home/henry/training_ws/src/software-training/coordinate_transform/src/coordinate_transform_component.cpp:129:5:[m[K [01;31m[Kerror: [m[Kâ€˜[01m[Knew_tag_array_msg[m[Kâ€™ does not name a type
[1.937s]   129 |     [01;31m[Knew_tag_array_msg[m[K.tags = new_tags;
[1.937s]       |     [01;31m[K^~~~~~~~~~~~~~~~~[m[K
[1.939s] [01m[K/home/henry/training_ws/src/software-training/coordinate_transform/src/coordinate_transform_component.cpp:133:5:[m[K [01;31m[Kerror: [m[Kâ€˜[01m[Ktag_pub_[m[Kâ€™ does not name a type
[1.939s]   133 |     [01;31m[Ktag_pub_[m[K->publish(new_tag_array_msg);
[1.939s]       |     [01;31m[K^~~~~~~~[m[K
[1.961s] [01m[K/home/henry/training_ws/src/software-training/coordinate_transform/src/coordinate_transform_component.cpp:[m[K In member function â€˜[01m[Kvoid coordinate_transform::CoordinateTransformComponent::DetectionCallback(stsl_interfaces::msg::TagArray_<std::allocator<void> >::SharedPtr)[m[Kâ€™:
[1.961s] [01m[K/home/henry/training_ws/src/software-training/coordinate_transform/src/coordinate_transform_component.cpp:82:6:[m[K [01;31m[Kerror: [m[Kâ€˜[01m[KgetTransformationMatrixForOpticalFrame[m[Kâ€™ was not declared in this scope
[1.961s]    82 |      [01;31m[KgetTransformationMatrixForOpticalFrame[m[K();
[1.961s]       |      [01;31m[K^~~~~~~~~~~~~~~~~~~~~~~~~~~~~~~~~~~~~~[m[K
[1.986s] [01m[K/home/henry/training_ws/src/software-training/coordinate_transform/src/coordinate_transform_component.cpp:104:8:[m[K [01;31m[Kerror: [m[Kâ€˜[01m[KquaternionMessageToTransformationMatrix[m[Kâ€™ was not declared in this scope
[1.986s]   104 |        [01;31m[KquaternionMessageToTransformationMatrix[m[K(
[1.986s]       |        [01;31m[K^~~~~~~~~~~~~~~~~~~~~~~~~~~~~~~~~~~~~~~[m[K
[2.000s] [01m[K/home/henry/training_ws/src/software-training/coordinate_transform/src/coordinate_transform_component.cpp:111:8:[m[K [01;31m[Kerror: [m[Kâ€˜[01m[KtransformationMatrixToQuaternionMessage[m[Kâ€™ was not declared in this scope
[2.000s]   111 |        [01;31m[KtransformationMatrixToQuaternionMessage[m[K(tag_orientation);
[2.000s]       |        [01;31m[K^~~~~~~~~~~~~~~~~~~~~~~~~~~~~~~~~~~~~~~[m[K
[2.000s] [01m[K/home/henry/training_ws/src/software-training/coordinate_transform/src/coordinate_transform_component.cpp:[m[K At global scope:
[2.001s] [01m[K/home/henry/training_ws/src/software-training/coordinate_transform/src/coordinate_transform_component.cpp:136:19:[m[K [01;31m[Kerror: [m[Kexpected initializer before â€˜[01m[KgetTransformationMatrixForOpticalFrame[m[Kâ€™
[2.001s]   136 |   Eigen::Matrix4d [01;31m[KgetTransformationMatrixForOpticalFrame[m[K()
[2.001s]       |                   [01;31m[K^~~~~~~~~~~~~~~~~~~~~~~~~~~~~~~~~~~~~~[m[K
[2.016s] [01m[K/home/henry/training_ws/src/software-training/coordinate_transform/src/coordinate_transform_component.cpp:169:1:[m[K [01;31m[Kerror: [m[Kexpected declaration before â€˜[01m[K}[m[Kâ€™ token
[2.016s]   169 | [01;31m[K}[m[K  // namespace coordinate_transform
[2.016s]       | [01;31m[K^[m[K
[4.580s] make[2]: *** [CMakeFiles/coordinate_transform_components.dir/build.make:63: CMakeFiles/coordinate_transform_components.dir/src/coordinate_transform_component.cpp.o] Error 1
[4.580s] make[1]: *** [CMakeFiles/Makefile2:134: CMakeFiles/coordinate_transform_components.dir/all] Error 2
[4.580s] make: *** [Makefile:141: all] Error 2
[4.581s] Invoked command in '/home/henry/training_ws/src/software-training/coordinate_transform/build/coordinate_transform' returned '2': CMAKE_PREFIX_PATH=${CMAKE_PREFIX_PATH}:/opt/ros/foxy /usr/bin/cmake --build /home/henry/training_ws/src/software-training/coordinate_transform/build/coordinate_transform -- -j12 -l12
