[0.014s] Invoking command in '/home/henry/training_ws/src/software-training/coordinate_transform/build/coordinate_transform': CMAKE_PREFIX_PATH=${CMAKE_PREFIX_PATH}:/opt/ros/foxy /usr/bin/cmake --build /home/henry/training_ws/src/software-training/coordinate_transform/build/coordinate_transform -- -j12 -l12
[0.067s] [ 50%] Built target coordinate_transform_node
[0.068s] [ 75%] [32mBuilding CXX object CMakeFiles/coordinate_transform_components.dir/src/coordinate_transform_component.cpp.o[0m
[1.944s] [01m[K/home/henry/training_ws/src/software-training/coordinate_transform/src/coordinate_transform_component.cpp:121:5:[m[K [01;31m[Kerror: [m[Kâ€˜[01m[Kstsl_interfaces::msg::TagArray[m[Kâ€™ {aka â€˜[01m[Kstsl_interfaces::msg::TagArray_<std::allocator<void> >[m[Kâ€™} is not a template
[1.945s]   121 |     [01;31m[Kstsl_interfaces[m[K::msg::TagArray<stsl_interfaces::msg::Tag> new_tag_array_msg;
[1.945s]       |     [01;31m[K^~~~~~~~~~~~~~~[m[K
[1.949s] [01m[K/home/henry/training_ws/src/software-training/coordinate_transform/src/coordinate_transform_component.cpp:123:5:[m[K [01;31m[Kerror: [m[Kâ€˜[01m[Knew_tag_array_msg[m[Kâ€™ does not name a type
[1.949s]   123 |     [01;31m[Knew_tag_array_msg[m[K.header.stamp = tag_array_msg->header.stamp;
[1.949s]       |     [01;31m[K^~~~~~~~~~~~~~~~~[m[K
[1.953s] [01m[K/home/henry/training_ws/src/software-training/coordinate_transform/src/coordinate_transform_component.cpp:125:5:[m[K [01;31m[Kerror: [m[Kâ€˜[01m[Knew_tag_array_msg[m[Kâ€™ does not name a type
[1.953s]   125 |     [01;31m[Knew_tag_array_msg[m[K.header.frame_id = "base_footprint";
[1.953s]       |     [01;31m[K^~~~~~~~~~~~~~~~~[m[K
[1.957s] [01m[K/home/henry/training_ws/src/software-training/coordinate_transform/src/coordinate_transform_component.cpp:129:5:[m[K [01;31m[Kerror: [m[Kâ€˜[01m[Knew_tag_array_msg[m[Kâ€™ does not name a type
[1.957s]   129 |     [01;31m[Knew_tag_array_msg[m[K.tags = new_tags;
[1.958s]       |     [01;31m[K^~~~~~~~~~~~~~~~~[m[K
[1.959s] [01m[K/home/henry/training_ws/src/software-training/coordinate_transform/src/coordinate_transform_component.cpp:133:5:[m[K [01;31m[Kerror: [m[Kâ€˜[01m[Ktag_pub_[m[Kâ€™ does not name a type
[1.959s]   133 |     [01;31m[Ktag_pub_[m[K->publish(new_tag_array_msg);
[1.960s]       |     [01;31m[K^~~~~~~~[m[K
[1.984s] [01m[K/home/henry/training_ws/src/software-training/coordinate_transform/src/coordinate_transform_component.cpp:[m[K In member function â€˜[01m[Kvoid coordinate_transform::CoordinateTransformComponent::DetectionCallback(stsl_interfaces::msg::TagArray_<std::allocator<void> >::SharedPtr)[m[Kâ€™:
[1.984s] [01m[K/home/henry/training_ws/src/software-training/coordinate_transform/src/coordinate_transform_component.cpp:82:6:[m[K [01;31m[Kerror: [m[Kâ€˜[01m[KgetTransformationMatrixForOpticalFrame[m[Kâ€™ was not declared in this scope
[1.984s]    82 |      [01;31m[KgetTransformationMatrixForOpticalFrame[m[K();
[1.984s]       |      [01;31m[K^~~~~~~~~~~~~~~~~~~~~~~~~~~~~~~~~~~~~~[m[K
[2.010s] [01m[K/home/henry/training_ws/src/software-training/coordinate_transform/src/coordinate_transform_component.cpp:104:8:[m[K [01;31m[Kerror: [m[Kâ€˜[01m[KquaternionMessageToTransformationMatrix[m[Kâ€™ was not declared in this scope
[2.010s]   104 |        [01;31m[KquaternionMessageToTransformationMatrix[m[K(
[2.010s]       |        [01;31m[K^~~~~~~~~~~~~~~~~~~~~~~~~~~~~~~~~~~~~~~[m[K
[2.026s] [01m[K/home/henry/training_ws/src/software-training/coordinate_transform/src/coordinate_transform_component.cpp:111:8:[m[K [01;31m[Kerror: [m[Kâ€˜[01m[KtransformationMatrixToQuaternionMessage[m[Kâ€™ was not declared in this scope
[2.026s]   111 |        [01;31m[KtransformationMatrixToQuaternionMessage[m[K(tag_orientation);
[2.026s]       |        [01;31m[K^~~~~~~~~~~~~~~~~~~~~~~~~~~~~~~~~~~~~~~[m[K
[2.027s] [01m[K/home/henry/training_ws/src/software-training/coordinate_transform/src/coordinate_transform_component.cpp:[m[K At global scope:
[2.027s] [01m[K/home/henry/training_ws/src/software-training/coordinate_transform/src/coordinate_transform_component.cpp:136:19:[m[K [01;31m[Kerror: [m[Kexpected initializer before â€˜[01m[KgetTransformationMatrixForOpticalFrame[m[Kâ€™
[2.027s]   136 |   Eigen::Matrix4d [01;31m[KgetTransformationMatrixForOpticalFrame[m[K()
[2.027s]       |                   [01;31m[K^~~~~~~~~~~~~~~~~~~~~~~~~~~~~~~~~~~~~~[m[K
[2.043s] [01m[K/home/henry/training_ws/src/software-training/coordinate_transform/src/coordinate_transform_component.cpp:169:1:[m[K [01;31m[Kerror: [m[Kexpected declaration before â€˜[01m[K}[m[Kâ€™ token
[2.043s]   169 | [01;31m[K}[m[K  // namespace coordinate_transform
[2.043s]       | [01;31m[K^[m[K
[4.644s] make[2]: *** [CMakeFiles/coordinate_transform_components.dir/build.make:63: CMakeFiles/coordinate_transform_components.dir/src/coordinate_transform_component.cpp.o] Error 1
[4.645s] make[1]: *** [CMakeFiles/Makefile2:134: CMakeFiles/coordinate_transform_components.dir/all] Error 2
[4.645s] make: *** [Makefile:141: all] Error 2
[4.648s] Invoked command in '/home/henry/training_ws/src/software-training/coordinate_transform/build/coordinate_transform' returned '2': CMAKE_PREFIX_PATH=${CMAKE_PREFIX_PATH}:/opt/ros/foxy /usr/bin/cmake --build /home/henry/training_ws/src/software-training/coordinate_transform/build/coordinate_transform -- -j12 -l12
