[0.020s] Invoking command in '/home/henry/training_ws/src/software-training/localization/build/localization': CMAKE_PREFIX_PATH=${CMAKE_PREFIX_PATH}:/opt/ros/foxy /usr/bin/cmake --build /home/henry/training_ws/src/software-training/localization/build/localization -- -j12 -l12
[0.064s] [35m[1mScanning dependencies of target localization_component[0m
[0.083s] [ 25%] Built target localization_node
[0.112s] [ 37%] [32mBuilding CXX object CMakeFiles/localization_component.dir/src/odometry_sensor_model.cpp.o[0m
[1.192s] [01m[K/home/henry/training_ws/src/software-training/localization/src/odometry_sensor_model.cpp:[m[K In constructor â€˜[01m[Klocalization::OdometrySensorModel::OdometrySensorModel(rclcpp::Node&)[m[Kâ€™:
[1.192s] [01m[K/home/henry/training_ws/src/software-training/localization/src/odometry_sensor_model.cpp:11:73:[m[K [01;31m[Kerror: [m[Kinvalid use of non-static member function â€˜[01m[Kvoid localization::OdometrySensorModel::UpdateMeasurement(nav_msgs::msg::Odometry_<std::allocator<void> >::SharedPtr)[m[Kâ€™
[1.192s]    11 |  rclcpp::SystemDefaultsQoS(), std::bind([01;31m[KOdometrySensorModel::UpdateMeasurement[m[K, this, std::placeholders::_1));
[1.192s]       |                                         [01;31m[K~~~~~~~~~~~~~~~~~~~~~^~~~~~~~~~~~~~~~~[m[K
[1.192s] 
[1.192s] In file included from [01m[K/home/henry/training_ws/src/software-training/localization/src/odometry_sensor_model.cpp:1[m[K:
[1.193s] [01m[K/home/henry/training_ws/src/software-training/localization/src/odometry_sensor_model.hpp:17:10:[m[K [01;36m[Knote: [m[Kdeclared here
[1.193s]    17 |     void [01;36m[KUpdateMeasurement[m[K(const nav_msgs::msg::Odometry::SharedPtr msg);
[1.193s]       |          [01;36m[K^~~~~~~~~~~~~~~~~[m[K
[1.492s] make[2]: *** [CMakeFiles/localization_component.dir/build.make:115: CMakeFiles/localization_component.dir/src/odometry_sensor_model.cpp.o] Error 1
[1.493s] make[1]: *** [CMakeFiles/Makefile2:80: CMakeFiles/localization_component.dir/all] Error 2
[1.493s] make: *** [Makefile:141: all] Error 2
[1.496s] Invoked command in '/home/henry/training_ws/src/software-training/localization/build/localization' returned '2': CMAKE_PREFIX_PATH=${CMAKE_PREFIX_PATH}:/opt/ros/foxy /usr/bin/cmake --build /home/henry/training_ws/src/software-training/localization/build/localization -- -j12 -l12
