[0.012s] Invoking command in '/home/henry/training_ws/src/software-training/localization/build/localization': CMAKE_PREFIX_PATH=${CMAKE_PREFIX_PATH}:/opt/ros/foxy /usr/bin/cmake /home/henry/training_ws/src/software-training/localization -DCMAKE_INSTALL_PREFIX=/home/henry/training_ws/src/software-training/localization/install/localization
[0.059s] -- The C compiler identification is GNU 9.3.0
[0.107s] -- The CXX compiler identification is GNU 9.3.0
[0.112s] -- Check for working C compiler: /usr/bin/cc
[0.169s] -- Check for working C compiler: /usr/bin/cc -- works
[0.170s] -- Detecting C compiler ABI info
[0.232s] -- Detecting C compiler ABI info - done
[0.243s] -- Detecting C compile features
[0.244s] -- Detecting C compile features - done
[0.246s] -- Check for working CXX compiler: /usr/bin/c++
[0.311s] -- Check for working CXX compiler: /usr/bin/c++ -- works
[0.312s] -- Detecting CXX compiler ABI info
[0.376s] -- Detecting CXX compiler ABI info - done
[0.387s] -- Detecting CXX compile features
[0.388s] -- Detecting CXX compile features - done
[0.390s] -- Found ament_cmake: 0.9.9 (/opt/ros/foxy/share/ament_cmake/cmake)
[0.411s] -- Found PythonInterp: /usr/bin/python3 (found suitable version "3.8.10", minimum required is "3") 
[0.411s] -- Using PYTHON_EXECUTABLE: /usr/bin/python3
[0.588s] -- Found rclcpp: 2.4.0 (/opt/ros/foxy/share/rclcpp/cmake)
[0.630s] -- Using all available rosidl_typesupport_c: rosidl_typesupport_fastrtps_c;rosidl_typesupport_introspection_c
[0.637s] -- Found rosidl_adapter: 1.2.1 (/opt/ros/foxy/share/rosidl_adapter/cmake)
[0.699s] -- Found OpenSSL: /usr/lib/x86_64-linux-gnu/libcrypto.so (found version "1.1.1f")  
[0.725s] -- Found FastRTPS: /opt/ros/foxy/include  
[0.795s] -- Using all available rosidl_typesupport_cpp: rosidl_typesupport_fastrtps_cpp;rosidl_typesupport_introspection_cpp
[0.850s] -- Found rmw_implementation_cmake: 1.0.3 (/opt/ros/foxy/share/rmw_implementation_cmake/cmake)
[0.852s] -- Using RMW implementation 'rmw_fastrtps_cpp' as default
[0.853s] -- Looking for pthread.h
[0.911s] -- Looking for pthread.h - found
[0.911s] -- Performing Test CMAKE_HAVE_LIBC_PTHREAD
[0.971s] -- Performing Test CMAKE_HAVE_LIBC_PTHREAD - Failed
[0.972s] -- Looking for pthread_create in pthreads
[1.023s] -- Looking for pthread_create in pthreads - not found
[1.023s] -- Looking for pthread_create in pthread
[1.084s] -- Looking for pthread_create in pthread - found
[1.085s] -- Found Threads: TRUE  
[1.273s] -- Found rclcpp_components: 2.4.0 (/opt/ros/foxy/share/rclcpp_components/cmake)
[1.333s] -- Found stsl_interfaces: 0.0.4 (/opt/ros/foxy/share/stsl_interfaces/cmake)
[1.552s] -- Found sensor_msgs: 2.0.4 (/opt/ros/foxy/share/sensor_msgs/cmake)
[1.623s] -- Found visualization_msgs: 2.0.4 (/opt/ros/foxy/share/visualization_msgs/cmake)
[1.697s] -- Found nav_msgs: 2.0.4 (/opt/ros/foxy/share/nav_msgs/cmake)
[1.771s] -- Found tf2_ros: 0.13.12 (/opt/ros/foxy/share/tf2_ros/cmake)
[2.007s] -- Found tf2_geometry_msgs: 0.13.12 (/opt/ros/foxy/share/tf2_geometry_msgs/cmake)
[2.017s] -- Found eigen3_cmake_module: 0.1.1 (/opt/ros/foxy/share/eigen3_cmake_module/cmake)
[2.021s] -- Found Eigen3: TRUE (found version "3.3.7") 
[2.053s] -- Found angles: 1.12.3 (/opt/ros/foxy/share/angles/cmake)
[2.060s] -- Found ament_lint_auto: 0.9.6 (/opt/ros/foxy/share/ament_lint_auto/cmake)
[2.139s] -- Added test 'copyright' to check source files copyright and LICENSE
[2.143s] -- Added test 'cppcheck' to perform static code analysis on C / C++ code
[2.143s] -- Configured cppcheck include dirs: 
[2.143s] -- Configured cppcheck exclude dirs and/or files: 
[2.146s] -- Added test 'cpplint' to check C / C++ code against the Google style
[2.146s] -- Configured cpplint exclude dirs and/or files: 
[2.147s] -- Added test 'flake8' to check Python code syntax and style conventions
[2.148s] -- Added test 'lint_cmake' to check CMake code style
[2.149s] -- Added test 'pep257' to check Python code against some of the style conventions in PEP 257
[2.152s] -- Added test 'uncrustify' to check C / C++ code style
[2.152s] -- Configured uncrustify additional arguments: 
[2.153s] -- Added test 'xmllint' to check XML markup files
[2.156s] -- Configuring done
[2.173s] -- Generating done
[2.175s] -- Build files have been written to: /home/henry/training_ws/src/software-training/localization/build/localization
[2.182s] Invoked command in '/home/henry/training_ws/src/software-training/localization/build/localization' returned '0': CMAKE_PREFIX_PATH=${CMAKE_PREFIX_PATH}:/opt/ros/foxy /usr/bin/cmake /home/henry/training_ws/src/software-training/localization -DCMAKE_INSTALL_PREFIX=/home/henry/training_ws/src/software-training/localization/install/localization
[2.184s] Invoking command in '/home/henry/training_ws/src/software-training/localization/build/localization': CMAKE_PREFIX_PATH=${CMAKE_PREFIX_PATH}:/opt/ros/foxy /usr/bin/cmake --build /home/henry/training_ws/src/software-training/localization/build/localization -- -j12 -l12
[2.221s] [35m[1mScanning dependencies of target localization_node[0m
[2.221s] [35m[1mScanning dependencies of target localization_component[0m
[2.266s] [ 12%] [32mBuilding CXX object CMakeFiles/localization_node.dir/rclcpp_components/node_main_localization_node.cpp.o[0m
[2.275s] [ 25%] [32mBuilding CXX object CMakeFiles/localization_component.dir/src/aruco_sensor_model.cpp.o[0m
[2.276s] [ 37%] [32mBuilding CXX object CMakeFiles/localization_component.dir/src/motion_model.cpp.o[0m
[2.278s] [ 50%] [32mBuilding CXX object CMakeFiles/localization_component.dir/src/random_helpers.cpp.o[0m
[2.279s] [ 62%] [32mBuilding CXX object CMakeFiles/localization_component.dir/src/particle_filter_localizer.cpp.o[0m
[2.280s] [ 75%] [32mBuilding CXX object CMakeFiles/localization_component.dir/src/odometry_sensor_model.cpp.o[0m
[3.560s] [01m[K/home/henry/training_ws/src/software-training/localization/src/odometry_sensor_model.cpp:[m[K In constructor â€˜[01m[Klocalization::OdometrySensorModel::OdometrySensorModel(rclcpp::Node&)[m[Kâ€™:
[3.560s] [01m[K/home/henry/training_ws/src/software-training/localization/src/odometry_sensor_model.cpp:11:73:[m[K [01;31m[Kerror: [m[Kinvalid use of non-static member function â€˜[01m[Kvoid localization::OdometrySensorModel::UpdateMeasurement(nav_msgs::msg::Odometry_<std::allocator<void> >::SharedPtr)[m[Kâ€™
[3.560s]    11 |             rclcpp::SystemDefaultsQoS(), std::bind([01;31m[KOdometrySensorModel::UpdateMeasurement[m[K));
[3.561s]       |                                                    [01;31m[K~~~~~~~~~~~~~~~~~~~~~^~~~~~~~~~~~~~~~~[m[K
[3.561s] In file included from [01m[K/home/henry/training_ws/src/software-training/localization/src/odometry_sensor_model.cpp:1[m[K:
[3.561s] [01m[K/home/henry/training_ws/src/software-training/localization/src/odometry_sensor_model.hpp:17:10:[m[K [01;36m[Knote: [m[Kdeclared here
[3.561s]    17 |     void [01;36m[KUpdateMeasurement[m[K(const nav_msgs::msg::Odometry::SharedPtr msg);
[3.561s]       |          [01;36m[K^~~~~~~~~~~~~~~~~[m[K
[3.896s] make[2]: *** [CMakeFiles/localization_component.dir/build.make:115: CMakeFiles/localization_component.dir/src/odometry_sensor_model.cpp.o] Error 1
[3.896s] make[2]: *** Waiting for unfinished jobs....
[4.201s] [ 87%] [32m[1mLinking CXX executable localization_node[0m
[4.319s] [ 87%] Built target localization_node
[8.794s] make[1]: *** [CMakeFiles/Makefile2:80: CMakeFiles/localization_component.dir/all] Error 2
[8.794s] make: *** [Makefile:141: all] Error 2
[8.796s] Invoked command in '/home/henry/training_ws/src/software-training/localization/build/localization' returned '2': CMAKE_PREFIX_PATH=${CMAKE_PREFIX_PATH}:/opt/ros/foxy /usr/bin/cmake --build /home/henry/training_ws/src/software-training/localization/build/localization -- -j12 -l12
